Beginning Site Configuration

Connecting to site collection
Extraction du site template
1/18 Extracting Regional Settings
2/18 Extracting Supported UI Languages
3/18 Extracting Audit Settings
4/18 Extracting Site Security
5/18 Extracting Fields
6/18 Extracting Content Types
7/18 Extracting List instances
8/18 Extracting Custom Actions
9/18 Extracting Features
10/18 Extracting Composed Looks
11/18 Extracting Page Contents
12/18 Extracting Client Side Page Contents
13/18 Extracting Property bag entries
14/18 Extracting Workflows
15/18 Extracting Web Settings
16/18 Extracting Navigation
17/18 Extracting Image Renditions
18/18 Extracting Application Lifecycle Management
Extraction Terminé
