Beginning Site Configuration

Connecting to site collection
Extraction du site template
01/18 - Regional Settings
02/18 - Supported UI Languages
03/18 - Audit Settings
04/18 - Site Security
05/18 - Fields
Progress:Field|OtherAddressCountry|1|583
Progress:Field|WF4InstanceId|2|583
Progress:Field|Categories|3|583
Progress:Field|TaxKeyword|4|583
Progress:Field|Caractéristique_x0020_5|5|583
Progress:Field|ManagersName|6|583
Progress:Field|SMTotalFileStreamSize|7|583
Progress:Field|RatingCount|8|583
Progress:Field|ChildrensNames|9|583
Progress:Field|_DCDateModified|10|583
Progress:Field|Company|11|583
Progress:Field|EventCanceled|12|583
Progress:Field|UID|13|583
Progress:Field|HomeAddressStateOrProvince|14|583
Progress:Field|CallTime|15|583
Progress:Field|Break|16|583
Progress:Field|_Author|17|583
Progress:Field|NightWork|18|583
Progress:Field|End|19|583
Progress:Field|Oof|20|583
Progress:Field|Nature|21|583
Progress:Field|PreviouslyAssignedTo|22|583
Progress:Field|WorkflowDisplayName|23|583
Progress:Field|_ComplianceTag|24|583
Progress:Field|CheckoutUser|25|583
Progress:Field|ToggleQuotedText|26|583
Progress:Field|DescendantRatingsCount|27|583
Progress:Field|Statut|28|583
Progress:Field|_ComplianceTagWrittenTime|29|583
Progress:Field|PrimaryNumber|30|583
Progress:Field|HolidayWork|31|583
Progress:Field|Title|32|583
Progress:Field|Nombre_x0020_colis|33|583
Progress:Field|Libellé_x0020_fournisseur_x0020_direct_x0020_Europe|34|583
Progress:Field|FullName|35|583
Progress:Field|Description|36|583
Progress:Field|File_x0020_Type|37|583
Progress:Field|XSLStyleIconUrl|38|583
Progress:Field|Prix_x0020_de_x0020_cession_x0020_flux_x0020_direct_x0020_Asie|39|583
Progress:Field|ID|40|583
Progress:Field|MOQ_x0020_flux_x0020_stocké|41|583
Progress:Field|HealthRuleCheckEnabled|42|583
Progress:Field|MobileContent|43|583
Progress:Field|TimeZone|44|583
Progress:Field|Profession|45|583
Progress:Field|FileRef|46|583
Progress:Field|BaseAssociationGuid|47|583
Progress:Field|OrganizationalIDNumber|48|583
Progress:Field|Threading|49|583
Progress:Field|IMEComment2|50|583
Progress:Field|TaskOutcome|51|583
Progress:Field|Prix_x0020_de_x0020_cession_x0020_flux_x0020_stocké|52|583
Progress:Field|CompatibleManagedProperties|53|583
Progress:Field|Content|54|583
Progress:Field|IMEComment3|55|583
Progress:Field|Code_x0020_fournisseur_x0020_stocké|56|583
Progress:Field|V4CallTo|57|583
Progress:Field|_Level|58|583
Progress:Field|IsNonWorkingDay|59|583
Progress:Field|ProgId|60|583
Progress:Field|wic_System_Copyright|61|583
Progress:Field|PersonViewMinimal|62|583
Progress:Field|EmailTo|63|583
Progress:Field|Outcome|64|583
Progress:Field|TemplateId|65|583
Progress:Field|FormRelativeUrl|66|583
Progress:Field|_ShortcutWebId|67|583
Progress:Field|FolderChildCount|68|583
Progress:Field|User|69|583
Progress:Field|ScopeId|70|583
Progress:Field|IMEComment1|71|583
Progress:Field|AppAuthor|72|583
Progress:Field|RelatedLinks|73|583
Progress:Field|CallBack|74|583
Progress:Field|ThumbnailExists|75|583
Progress:Field|FormURN|76|583
Progress:Field|ManagedPropertyMapping|77|583
Progress:Field|Pays_x0020_d_x0027_origine|78|583
Progress:Field|ImageCreateDate|79|583
Progress:Field|DisplayTemplateJSTargetListTemplate|80|583
Progress:Field|GUID|81|583
Progress:Field|Libellé_x0020_marché|82|583
Progress:Field|Birthday|83|583
Progress:Field|Created_x0020_By|84|583
Progress:Field|Preview|85|583
Progress:Field|LinkFilenameNoMenu|86|583
Progress:Field|MUA_x0020_flux_x0020_direct_x0020_Europe|87|583
Progress:Field|RelatedIssues|88|583
Progress:Field|WorkPhone|89|583
Progress:Field|Subject|90|583
Progress:Field|MiddleName|91|583
Progress:Field|ISDNNumber|92|583
Progress:Field|ThumbnailOnForm|93|583
Progress:Field|_UIVersionString|94|583
Progress:Field|SMTotalFileCount|95|583
Progress:Field|LikesCount|96|583
Progress:Field|EmailCalendarSequence|97|583
Progress:Field|ConfirmedTo|98|583
Progress:Field|Anniversary|99|583
Progress:Field|Body|100|583
Progress:Field|Name|101|583
Progress:Field|xd_Signature|102|583
Progress:Field|GoingHome|103|583
Progress:Field|OffsiteParticipant|104|583
Progress:Field|ShowCombineView|105|583
Progress:Field|Location|106|583
Progress:Field|Caractéristique_x0020_4|107|583
Progress:Field|AssistantNumber|108|583
Progress:Field|Caractéristique_x0020_2|109|583
Progress:Field|Occurred|110|583
Progress:Field|ImageHeight|111|583
Progress:Field|XomlUrl|112|583
Progress:Field|LinkTitleNoMenu|113|583
Progress:Field|Checkmark|114|583
Progress:Field|AssignedTo|115|583
Progress:Field|ParentItemID|116|583
Progress:Field|Thumbnail|117|583
Progress:Field|TagEventDate|118|583
Progress:Field|Purpose|119|583
Progress:Field|NoCodeVisibility|120|583
Progress:Field|ParentLeafName|121|583
Progress:Field|Business2Number|122|583
Progress:Field|Libellé_x0020_sous-groupe|123|583
Progress:Field|NoCrawl|124|583
Progress:Field|HasCustomEmailBody|125|583
Progress:Field|PostCategory|126|583
Progress:Field|ShortestThreadIndex|127|583
Progress:Field|_EditMenuTableStart2|128|583
Progress:Field|TelexNumber|129|583
Progress:Field|WSPublishError|130|583
Progress:Field|RestrictContentTypeId|131|583
Progress:Field|Libellé_x0020_famille|132|583
Progress:Field|Priority|133|583
Progress:Field|Service|134|583
Progress:Field|UserField3|135|583
Progress:Field|Indentation|136|583
Progress:Field|LinkDiscussionTitleNoMenu|137|583
Progress:Field|MessageBody|138|583
Progress:Field|PercentComplete|139|583
Progress:Field|CrawlerXSLFile|140|583
Progress:Field|HomeAddressStreet|141|583
Progress:Field|_UIVersion|142|583
Progress:Field|Volume_x0020_du_x0020_PCB_x0020_en_x0020_m3|143|583
Progress:Field|MessageId|144|583
Progress:Field|Code_x0020_segment_x0020_1|145|583
Progress:Field|Libellé_x0020_segment_x0020_2|146|583
Progress:Field|PCB|147|583
Progress:Field|QuotedTextWasExpanded|148|583
Progress:Field|ListType|149|583
Progress:Field|LinkDiscussionTitle2|150|583
Progress:Field|_IsRecord|151|583
Progress:Field|ShowRepairView|152|583
Progress:Field|_Status|153|583
Progress:Field|TaskType|154|583
Progress:Field|FullBody|155|583
Progress:Field|UIVersion|156|583
Progress:Field|Workspace|157|583
Progress:Field|FormData|158|583
Progress:Field|SystemTask|159|583
Progress:Field|BaseName|160|583
Progress:Field|ShortComment|161|583
Progress:Field|RequiredField|162|583
Progress:Field|EMail|163|583
Progress:Field|DocIcon|164|583
Progress:Field|AssistantsName|165|583
Progress:Field|FormCategory|166|583
Progress:Field|RadioNumber|167|583
Progress:Field|IMEDisplay|168|583
Progress:Field|Keywords|169|583
Progress:Field|HealthReportServices|170|583
Progress:Field|JobTitle|171|583
Progress:Field|BannerUrl|172|583
Progress:Field|_EndDate|173|583
Progress:Field|NumberOfVacation|174|583
Progress:Field|EmailBody|175|583
Progress:Field|Category|176|583
Progress:Field|V3Comments|177|583
Progress:Field|Comment|178|583
Progress:Field|WorkflowLink|179|583
Progress:Field|Department|180|583
Progress:Field|_Relation|181|583
Progress:Field|Author|182|583
Progress:Field|HealthRuleVersion|183|583
Progress:Field|WorkZip|184|583
Progress:Field|DLC_Description|185|583
Progress:Field|fRecurrence|186|583
Progress:Field|DiscussionLastUpdated|187|583
Progress:Field|ContentType|188|583
Progress:Field|HomeAddressCity|189|583
Progress:Field|StatusBar|190|583
Progress:Field|CallbackNumber|191|583
Progress:Field|LinkIssueIDNoMenu|192|583
Progress:Field|HomeFaxNumber|193|583
Progress:Field|DefaultCssFile|194|583
Progress:Field|TopicLastRatedOrLikedBy|195|583
Progress:Field|TotalWork|196|583
Progress:Field|Expires|197|583
Progress:Field|FormDescription|198|583
Progress:Field|MOQ_x0020_flux_x0020_direct_x0020_Europe|199|583
Progress:Field|IssueStatus|200|583
Progress:Field|SipAddress|201|583
Progress:Field|Home2Number|202|583
Progress:Field|Duration|203|583
Progress:Field|HealthRuleAutoRepairEnabled|204|583
Progress:Field|GoFromHome|205|583
Progress:Field|FSObjType|206|583
Progress:Field|_Identifier|207|583
Progress:Field|Completed|208|583
Progress:Field|Code_x0020_fournisseur_x0020_direct_x0020_Europe|209|583
Progress:Field|EmailFrom|210|583
Progress:Field|Pays_x0020_fournisseur_x0020_Stocké|211|583
Progress:Field|WSEnabled|212|583
Progress:Field|EncodedAbsWebImgUrl|213|583
Progress:Field|owshiddenversion|214|583
Progress:Field|EmailCalendarUid|215|583
Progress:Field|RatedBy|216|583
Progress:Field|WSEventSource|217|583
Progress:Field|WorkflowItemId|218|583
Progress:Field|CorrectBodyToShow|219|583
Progress:Field|DisplayTemplateJSConfigurationUrl|220|583
Progress:Field|TaxKeywordTaxHTField|221|583
Progress:Field|Caractéristique_x0020_8|222|583
Progress:Field|BillingInformation|223|583
Progress:Field|ComplianceAssetId|224|583
Progress:Field|Start|225|583
Progress:Field|_HasCopyDestinations|226|583
Progress:Field|FileLeafRef|227|583
Progress:Field|LastNamePhonetic|228|583
Progress:Field|_CopySource|229|583
Progress:Field|Caractéristique_x0020_7|230|583
Progress:Field|_LikeCount|231|583
Progress:Field|N_x0020_Mag|232|583
Progress:Field|FTPSite|233|583
Progress:Field|XSLStyleWPType|234|583
Progress:Field|MOQ_x0020_flux_x0020_direct_x0020_Asie|235|583
Progress:Field|_ShortcutUrl|236|583
Progress:Field|Libellé_x0020_fournisseur_x0020_stocké|237|583
Progress:Field|IndentLevel|238|583
Progress:Field|WorkflowInstance|239|583
Progress:Field|_ResourceType|240|583
Progress:Field|Participants|241|583
Progress:Field|ResolvedDate|242|583
Progress:Field|Confidential|243|583
Progress:Field|Fiche_x0020_fabriquant|244|583
Progress:Field|DisplayTemplateJSTargetControlType|245|583
Progress:Field|ThreadingControls|246|583
Progress:Field|ContactInfo|247|583
Progress:Field|_ThemePreviewJson|248|583
Progress:Field|WhatsNew|249|583
Progress:Field|PagerNumber|250|583
Progress:Field|LinkTemplateName|251|583
Progress:Field|FormId|252|583
Progress:Field|BodyWasExpanded|253|583
Progress:Field|HealthRuleReportLink|254|583
Progress:Field|EventType|255|583
Progress:Field|_ComplianceTagUserId|256|583
Progress:Field|Libellé_x0020_fournisseur_x0020_direct_x0020_Asie|257|583
Progress:Field|_CheckinComment|258|583
Progress:Field|Picture|259|583
Progress:Field|_ShortcutSiteId|260|583
Progress:Field|Vacation|261|583
Progress:Field|Hobbies|262|583
Progress:Field|LimitedBody|263|583
Progress:Field|_Contributor|264|583
Progress:Field|LinkFilename|265|583
Progress:Field|Date_x0020_de_x0020_livraison_x0020_souhaitée|266|583
Progress:Field|ResolvedBy|267|583
Progress:Field|RepairDocument|268|583
Progress:Field|FormVersion|269|583
Progress:Field|URL|270|583
Progress:Field|ActualWork|271|583
Progress:Field|BodyAndMore|272|583
Progress:Field|WSGUID|273|583
Progress:Field|ItemChildCount|274|583
Progress:Field|_ComplianceFlags|275|583
Progress:Field|Caractéristique_x0020_6|276|583
Progress:Field|Group|277|583
Progress:Field|WorkCity|278|583
Progress:Field|PublishedDate|279|583
Progress:Field|WorkflowAssociation|280|583
Progress:Field|Detail|281|583
Progress:Field|ShortestThreadIndexId|282|583
Progress:Field|IsAnswered|283|583
Progress:Field|CompanyNumber|284|583
Progress:Field|AdminTaskDescription|285|583
Progress:Field|ContentTypeId|286|583
Progress:Field|MasterSeriesItemID|287|583
Progress:Field|HTML_x0020_File_x0020_Type|288|583
Progress:Field|DisplayTemplateLevel|289|583
Progress:Field|WorkCountry|290|583
Progress:Field|SelectFilename|291|583
Progress:Field|IMEUrl|292|583
Progress:Field|Initials|293|583
Progress:Field|Notes|294|583
Progress:Field|UserInfoHidden|295|583
Progress:Field|NameOrTitle|296|583
Progress:Field|Gender|297|583
Progress:Field|CompanyPhonetic|298|583
Progress:Field|WorkflowListId|299|583
Progress:Field|XSLStyleRequiredFields|300|583
Progress:Field|Comments|301|583
Progress:Field|List|302|583
Progress:Field|Overtime|303|583
Progress:Field|Orig_commande|304|583
Progress:Field|LastReplyBy|305|583
Progress:Field|TaskGroup|306|583
Progress:Field|WSDescription|307|583
Progress:Field|StartDate|308|583
Progress:Field|WorkAddress|309|583
Progress:Field|CanvasContent1|310|583
Progress:Field|OtherAddressCity|311|583
Progress:Field|TaskCompanies|312|583
Progress:Field|CustomerID|313|583
Progress:Field|DecisionStatus|314|583
Progress:Field|HealthRuleType|315|583
Progress:Field|Visuel_x0020_additionnel_x0020_2|316|583
Progress:Field|Whereabout|317|583
Progress:Field|TrimmedBody|318|583
Progress:Field|ConnectionType|319|583
Progress:Field|WSDisplayName|320|583
Progress:Field|Prix_x0020_de_x0020_vente_x0020_France|321|583
Progress:Field|MoreLink|322|583
Progress:Field|MetaInfo|323|583
Progress:Field|CustomContentTypeId|324|583
Progress:Field|Data|325|583
Progress:Field|OtherNumber|326|583
Progress:Field|TargetControlType|327|583
Progress:Field|ComputerNetworkName|328|583
Progress:Field|_Revision|329|583
Progress:Field|IsQuestion|330|583
Progress:Field|Predecessors|331|583
Progress:Field|FirstPublishedDate|332|583
Progress:Field|Marque|333|583
Progress:Field|Flux_x0020_logistique|334|583
Progress:Field|GbwLocation|335|583
Progress:Field|DiscussionTitleLookup|336|583
Progress:Field|_ShortcutUniqueId|337|583
Progress:Field|Out|338|583
Progress:Field|SelectTitle|339|583
Progress:Field|AllowEditing|340|583
Progress:Field|_SourceUrl|341|583
Progress:Field|FormLocale|342|583
Progress:Field|AttendeeStatus|343|583
Progress:Field|UserField2|344|583
Progress:Field|WorkflowTemplate|345|583
Progress:Field|DescendantLikesCount|346|583
Progress:Field|xd_ProgID|347|583
Progress:Field|Combine|348|583
Progress:Field|_Photo|349|583
Progress:Field|PromotedState|350|583
Progress:Field|AssociatedListId|351|583
Progress:Field|OtherMail|352|583
Progress:Field|MUA_x0020_flux_x0020_direct_x0020_Asie|353|583
Progress:Field|HealthRuleSchedule|354|583
Progress:Field|Code_x0020_sous-groupe|355|583
Progress:Field|Suffix|356|583
Progress:Field|WSPublishState|357|583
Progress:Field|Late|358|583
Progress:Field|InstanceID|359|583
Progress:Field|Pays_x0020_fournisseur_x0020_direct_x0020_Europe|360|583
Progress:Field|FileSizeDisplay|361|583
Progress:Field|ShowInCatalog|362|583
Progress:Field|V4SendTo|363|583
Progress:Field|OffsiteParticipantReason|364|583
Progress:Field|SMLastModifiedDate|365|583
Progress:Field|DueDate|366|583
Progress:Field|Type_x0020_produit|367|583
Progress:Field|CarNumber|368|583
Progress:Field|EmailReferences|369|583
Progress:Field|FirstNamePhonetic|370|583
Progress:Field|ReferredBy|371|583
Progress:Field|CompatibleSearchDataTypes|372|583
Progress:Field|Visuel_x0020_principal|373|583
Progress:Field|HealthReportServers|374|583
Progress:Field|Edit|375|583
Progress:Field|HealthReportRemedy|376|583
Progress:Field|MUILanguages|377|583
Progress:Field|Until|378|583
Progress:Field|AverageRating|379|583
Progress:Field|PreviewOnForm|380|583
Progress:Field|BannerImageOffset|381|583
Progress:Field|DisplayTemplateJSTemplateType|382|583
Progress:Field|DLC_Duration|383|583
Progress:Field|Order|384|583
Progress:Field|XSLStyleBaseView|385|583
Progress:Field|RulesUrl|386|583
Progress:Field|Quantité_x0020_à_x0020_commander|387|583
Progress:Field|Code_x0020_Conforama|388|583
Progress:Field|ParticipantsPicker|389|583
Progress:Field|_Publisher|390|583
Progress:Field|EncodedAbsThumbnailUrl|391|583
Progress:Field|AlternateThumbnailUrl|392|583
Progress:Field|SMTotalSize|393|583
Progress:Field|Event|394|583
Progress:Field|IsSiteAdmin|395|583
Progress:Field|Office|396|583
Progress:Field|WikiField|397|583
Progress:Field|BannerImageUrl|398|583
Progress:Field|ParentID|399|583
Progress:Field|OtherFaxNumber|400|583
Progress:Field|EmailSubject|401|583
Progress:Field|WSEventSourceGUID|402|583
Progress:Field|WSEventContextKeys|403|583
Progress:Field|ImageSize|404|583
Progress:Field|Resolved|405|583
Progress:Field|From|406|583
Progress:Field|_Version|407|583
Progress:Field|VirusStatus|408|583
Progress:Field|BestAnswerId|409|583
Progress:Field|EmailCalendarDateStamp|410|583
Progress:Field|MyEditor|411|583
Progress:Field|Poids_x0020_du_x0020_PCB_x0020_brut_x0020_en_x0020_kg|412|583
Progress:Field|Code_x0020_segment_x0020_2|413|583
Progress:Field|Caractéristique_x0020_10|414|583
Progress:Field|WorkflowVersion|415|583
Progress:Field|Référence_x0020_douanière|416|583
Progress:Field|OtherAddressStateOrProvince|417|583
Progress:Field|ContentLanguages|418|583
Progress:Field|Email3|419|583
Progress:Field|PrincipalCount|420|583
Progress:Field|LessLink|421|583
Progress:Field|_EditMenuTableStart|422|583
Progress:Field|ParentFolderId|423|583
Progress:Field|V4HolidayDate|424|583
Progress:Field|Code_x0020_fournisseur_x0020_direct_x0020_Asie|425|583
Progress:Field|_Coverage|426|583
Progress:Field|File_x0020_Size|427|583
Progress:Field|IsRootPost|428|583
Progress:Field|ClientSideApplicationId|429|583
Progress:Field|PendingModTime|430|583
Progress:Field|AdminTaskOrder|431|583
Progress:Field|DateCompleted|432|583
Progress:Field|Libellé_x0020_segment_x0020_1|433|583
Progress:Field|TaskDueDate|434|583
Progress:Field|OtherAddressStreet|435|583
Progress:Field|HolidayDate|436|583
Progress:Field|TaskStatus|437|583
Progress:Field|_Comments|438|583
Progress:Field|LinkDiscussionTitle|439|583
Progress:Field|HealthReportSeverity|440|583
Progress:Field|Modified|441|583
Progress:Field|HomeAddressPostalCode|442|583
Progress:Field|TemplateUrl|443|583
Progress:Field|_LastPrinted|444|583
Progress:Field|EncodedAbsUrl|445|583
Progress:Field|DiscussionTitle|446|583
Progress:Field|LinkTitle|447|583
Progress:Field|WSEventType|448|583
Progress:Field|Last_x0020_Modified|449|583
Progress:Field|Prix_x0020_de_x0020_cession_x0020_flux_x0020_direct_x0020_Europe|450|583
Progress:Field|WorkFax|451|583
Progress:Field|Email2|452|583
Progress:Field|HealthRuleScope|453|583
Progress:Field|Pays_x0020_fournisseur_x0020_direct_x0020_Asie|454|583
Progress:Field|Code_x0020_EAN|455|583
Progress:Field|GovernmentIDNumber|456|583
Progress:Field|SelectedFlag|457|583
Progress:Field|UserField4|458|583
Progress:Field|Created|459|583
Progress:Field|MobilePhone|460|583
Progress:Field|WorkflowName|461|583
Progress:Field|DisplayTemplateJSIconUrl|462|583
Progress:Field|Caractéristique_x0020_9|463|583
Progress:Field|_RightsManagement|464|583
Progress:Field|RelevantMessages|465|583
Progress:Field|ParentItemEditor|466|583
Progress:Field|Date|467|583
Progress:Field|PreviewExists|468|583
Progress:Field|ServerUrl|469|583
Progress:Field|_Category|470|583
Progress:Field|GbwCategory|471|583
Progress:Field|Overbook|472|583
Progress:Field|Visuel_x0020_additionnel_x0020_1|473|583
Progress:Field|FormName|474|583
Progress:Field|ol_Department|475|583
Progress:Field|IconOverlay|476|583
Progress:Field|WorkflowInstanceID|477|583
Progress:Field|HealthRuleService|478|583
Progress:Field|RecurrenceData|479|583
Progress:Field|Item|480|583
Progress:Field|Editor|481|583
Progress:Field|MUA_x0020_flux_x0020_stocké|482|583
Progress:Field|WebPage|483|583
Progress:Field|Caractéristique_x0020_1|484|583
Progress:Field|WorkState|485|583
Progress:Field|Confirmations|486|583
Progress:Field|ScheduledWork|487|583
Progress:Field|URLwMenu|488|583
Progress:Field|FirstName|489|583
Progress:Field|In|490|583
Progress:Field|XMLTZone|491|583
Progress:Field|Nickname|492|583
Progress:Field|PageLayoutType|493|583
Progress:Field|HomeAddressCountry|494|583
Progress:Field|TaxCatchAllLabel|495|583
Progress:Field|Libellé_x0020_groupe|496|583
Progress:Field|Geolocation|497|583
Progress:Field|PersonalWebsite|498|583
Progress:Field|ThreadTopic|499|583
Progress:Field|HealthReportSeverityIcon|500|583
Progress:Field|ol_EventAddress|501|583
Progress:Field|IsActive|502|583
Progress:Field|LayoutWebpartsContent|503|583
Progress:Field|_Source|504|583
Progress:Field|_Format|505|583
Progress:Field|DayOfWeek|506|583
Progress:Field|UniqueId|507|583
Progress:Field|SpouseName|508|583
Progress:Field|Deleted|509|583
Progress:Field|_DCDateCreated|510|583
Progress:Field|Facilities|511|583
Progress:Field|ExtendedProperties|512|583
Progress:Field|ReplyNoGif|513|583
Progress:Field|Modified_x0020_By|514|583
Progress:Field|AdminTaskAction|515|583
Progress:Field|DisplayTemplateJSTargetScope|516|583
Progress:Field|Code_x0020_marché|517|583
Progress:Field|Caractéristique_x0020_3|518|583
Progress:Field|_IsCurrentVersion|519|583
Progress:Field|Language|520|583
Progress:Field|_SharedFileIndex|521|583
Progress:Field|Code_x0020_famille|522|583
Progress:Field|_ModerationComments|523|583
Progress:Field|HomePhone|524|583
Progress:Field|Délai_x0020_théorique_x0020_de_x0020_livraison_x0020_au_x0020_port_x0020_flux_x0020_direct_x0020_Europe|525|583
Progress:Field|LikedBy|526|583
Progress:Field|HolidayNightWork|527|583
Progress:Field|HealthReportExplanation|528|583
Progress:Field|_ModerationStatus|529|583
Progress:Field|Délai_x0020_théorique_x0020_de_x0020_livraison_x0020_au_x0020_port_x0020_flux_x0020_stocké|530|583
Progress:Field|URLNoMenu|531|583
Progress:Field|PermMask|532|583
Progress:Field|PersonImage|533|583
Progress:Field|Code_x0020_fabriquant|534|583
Progress:Field|Fiche_x0020_notice|535|583
Progress:Field|_EditMenuTableEnd|536|583
Progress:Field|TemplateHidden|537|583
Progress:Field|Popularity|538|583
Progress:Field|ThreadIndex|539|583
Progress:Field|CellPhone|540|583
Progress:Field|TTYTDDNumber|541|583
Progress:Field|Role|542|583
Progress:Field|Mileage|543|583
Progress:Field|Délai_x0020_théorique_x0020_de_x0020_livraison_x0020_au_x0020_port_x0020_flux_x0020_direct_x0020_Asie|544|583
Progress:Field|HealthReportCategory|545|583
Progress:Field|SendEmailNotification|546|583
Progress:Field|Description_x0020_Web|547|583
Progress:Field|EndDate|548|583
Progress:Field|AppEditor|549|583
Progress:Field|FileType|550|583
Progress:Field|_CommentCount|551|583
Progress:Field|EmailHeaders|552|583
Progress:Field|EmailCc|553|583
Progress:Field|Attachments|554|583
Progress:Field|fAllDayEvent|555|583
Progress:Field|UserField1|556|583
Progress:Field|FileDirRef|557|583
Progress:Field|DisplayTemplateJSTargetContentType|558|583
Progress:Field|DisplayTemplateJSTemplateHidden|559|583
Progress:Field|IMAddress|560|583
Progress:Field|Code_x0020_groupe|561|583
Progress:Field|IsFeatured|562|583
Progress:Field|SortBehavior|563|583
Progress:Field|OtherAddressPostalCode|564|583
Progress:Field|Libellé|565|583
Progress:Field|FreeBusy|566|583
Progress:Field|WorkspaceLink|567|583
Progress:Field|ImageWidth|568|583
Progress:Field|TaxCatchAll|569|583
Progress:Field|WorkflowOutcome|570|583
Progress:Field|EmailSender|571|583
Progress:Field|SurveyTitle|572|583
Progress:Field|Ratings|573|583
Progress:Field|ParentVersionString|574|583
Progress:Field|XSLStyleCategory|575|583
Progress:Field|RelatedItems|576|583
Progress:Field|UserName|577|583
Progress:Field|IMEPos|578|583
Progress:Field|_CommentFlags|579|583
Progress:Field|LeaveEarly|580|583
Progress:Field|ShortestThreadIndexIdLookup|581|583
Progress:Field|Created_x0020_Date|582|583
Progress:Field|RecurrenceID|583|583
Completed:Done processing fields
06/18 - Content Types
Progress:Content Type|Système|1|64
Progress:Content Type|Élément|2|64
Progress:Content Type|Circulation|3|64
Progress:Content Type|Nouveau mot|4|64
Progress:Content Type|Produit|5|64
Progress:Content Type|WorkflowServiceDefinition|6|64
Progress:Content Type|Définition de règle de l’Analyseur d’intégrité|7|64
Progress:Content Type|Ressource|8|64
Progress:Content Type|Avis officiel|9|64
Progress:Content Type|Mémo des appels téléphoniques|10|64
Progress:Content Type|Jour férié|11|64
Progress:Content Type|Notification de nouveautés|12|64
Progress:Content Type|WorkflowServiceSubscription|13|64
Progress:Content Type|Feuille de présence|14|64
Progress:Content Type|Groupe de ressources|15|64
Progress:Content Type|Rapport de l’Analyseur d’intégrité|16|64
Progress:Content Type|Utilisateurs|17|64
Progress:Content Type|Document|18|64
Progress:Content Type|Modèle d'affichage|19|64
Progress:Content Type|Code de modèle d'affichage|20|64
Progress:Content Type|Modèle d'affichage JavaScript|21|64
Progress:Content Type|Fichier ODC|22|64
Progress:Content Type|Style d’affichage de liste|23|64
Progress:Content Type|Commande|24|64
Progress:Content Type|Page de site|25|64
Progress:Content Type|Fichier UDC|26|64
Progress:Content Type|Fichier de création|27|64
Progress:Content Type|Modèle de formulaire InfoPath|28|64
Progress:Content Type|Formulaire|29|64
Progress:Content Type|Image|30|64
Progress:Content Type|Type de document inconnu|31|64
Progress:Content Type|Page maître|32|64
Progress:Content Type|Aperçu de page maître|33|64
Progress:Content Type|Document de flux de travail d'utilisateur|34|64
Progress:Content Type|Page Wiki|35|64
Progress:Content Type|Page de base|36|64
Progress:Content Type|Page de composants WebPart|37|64
Progress:Content Type|Lien vers un document|38|64
Progress:Content Type|Colonnes Dublin Core|39|64
Progress:Content Type|Événement|40|64
Progress:Content Type|Réservations|41|64
Progress:Content Type|Planification et réservations|42|64
Progress:Content Type|Planification|43|64
Progress:Content Type|Problème|44|64
Progress:Content Type|Annonce|45|64
Progress:Content Type|Lien|46|64
Progress:Content Type|Contact|47|64
Progress:Content Type|Message|48|64
Progress:Content Type|Tâche|49|64
Progress:Content Type|Tâche de flux de travail (SharePoint 2013)|50|64
Progress:Content Type|Tâche du flux de travail|51|64
Progress:Content Type|Tâche d'administration|52|64
Progress:Content Type|Historique des flux de travail|53|64
Progress:Content Type|Person|54|64
Progress:Content Type|SharePointGroup|55|64
Progress:Content Type|DomainGroup|56|64
Progress:Content Type|Publication|57|64
Progress:Content Type|Commentaire|58|64
Progress:Content Type|Contact Extrême-Orient|59|64
Progress:Content Type|Dossier|60|64
Progress:Content Type|RootOfList|61|64
Progress:Content Type|Discussion|62|64
Progress:Content Type|Tâche récapitulative|63|64
Progress:Content Type|Dossier de collection de documents|64|64
Completed:Done processing Content Types
07/18 - List instances
Progress:List|Bibliothèque de styles|1|7
Progress:List|Documents|2|7
Progress:List|Liste|3|7
Progress:List|Liste2|4|7
Progress:List|Modèles de formulaire|5|7
Progress:List|Pages du site|6|7
Progress:List|Pièces jointes|7|7
Completed:Done processing lists
08/18 - Features
09/18 - Composed Looks
10/18 - Page Contents
11/18 - Client Side Page Contents
12/18 - Property bag entries
13/18 - Workflows
14/18 - Web Settings
15/18 - Navigation
16/18 - Image Renditions
17/18 - Application Lifecycle Management
18/18 - Extensibility Providers
Extraction Terminé
